<?xml version="1.0" encoding="UTF-8"?>
<!-- Generated by org.testng.reporters.JUnitReportReporter -->
<testsuite hostname="LAPTOP-NDDB1313" failures="0" tests="4" name="testng.CrossBrowserTest" time="2.978" errors="0" timestamp="2025-07-31T20:58:06 IST" skipped="0">
  <testcase classname="testng.CrossBrowserTest" name="logout" time="0.916">
    <system-out>
      <![CDATA[Logout link Clicked...]]>
    </system-out>
  </testcase> <!-- logout -->
  <testcase classname="testng.CrossBrowserTest" name="login" time="0.568">
    <system-out>
      <![CDATA[UserName Entered
Password Entered
Login button clicked...]]>
    </system-out>
  </testcase> <!-- login -->
  <testcase classname="testng.CrossBrowserTest" name="login" time="0.565">
    <system-out>
      <![CDATA[UserName Entered
Password Entered
Login button clicked...]]>
    </system-out>
  </testcase> <!-- login -->
  <testcase classname="testng.CrossBrowserTest" name="logout" time="0.929">
    <system-out>
      <![CDATA[Logout link Clicked...]]>
    </system-out>
  </testcase> <!-- logout -->
  <system-out>
    <![CDATA[UserName Entered
UserName Entered
Password Entered
Password Entered
Login button clicked...
Login button clicked...
Logout link Clicked...
Logout link Clicked...]]>
  </system-out>
</testsuite> <!-- testng.CrossBrowserTest -->
