<?xml version="1.0" encoding="UTF-8"?>
<!-- Generated by org.testng.reporters.JUnitReportReporter -->
<testsuite hostname="LAPTOP-NDDB1313" failures="0" tests="2" name="testng.SampleAnnotations" time="0.006" errors="0" timestamp="2025-07-31T20:27:36 IST" skipped="0">
  <testcase classname="testng.SampleAnnotations" name="test1" time="0.003">
    <system-out>
      <![CDATA[This is the Test1 Method...]]>
    </system-out>
  </testcase> <!-- test1 -->
  <testcase classname="testng.SampleAnnotations" name="test2" time="0.003">
    <system-out>
      <![CDATA[This is the Test2 Method...]]>
    </system-out>
  </testcase> <!-- test2 -->
  <system-out>
    <![CDATA[This is the Test1 Method...
This is the Test2 Method...
UserName Entered
Password Entered
Login button clicked...
Logout link Clicked...]]>
  </system-out>
</testsuite> <!-- testng.SampleAnnotations -->
