<?xml version="1.0" encoding="UTF-8"?>
<!-- Generated by org.testng.reporters.JUnitReportReporter -->
<testsuite hostname="LAPTOP-NDDB1313" failures="0" tests="8" name="testng.PriorityTest" time="0.018" errors="0" timestamp="2025-07-31T20:27:36 IST" skipped="1">
  <testcase classname="testng.PriorityTest" name="two" time="0.004"/>
  <testcase classname="testng.PriorityTest" name="two" time="0.002"/>
  <testcase classname="testng.PriorityTest" name="two" time="0.003"/>
  <testcase classname="testng.PriorityTest" name="two" time="0.001"/>
  <testcase classname="testng.PriorityTest" name="two" time="0.002"/>
  <testcase classname="testng.PriorityTest" name="three" time="0.003"/>
  <testcase classname="testng.PriorityTest" name="four" time="0.003"/>
  <testcase classname="testng.PriorityTest" name="one">
    <skipped/>
  </testcase> <!-- one -->
  <system-out>
    <![CDATA[This is the Test1 Method...
This is the Test2 Method...
UserName Entered
Password Entered
Login button clicked...
Logout link Clicked...]]>
  </system-out>
</testsuite> <!-- testng.PriorityTest -->
