<?xml version="1.0" encoding="UTF-8"?>
<!-- Generated by org.testng.reporters.JUnitReportReporter -->
<testsuite hostname="LAPTOP-NDDB1313" failures="0" tests="2" name="testng.WebDriverTest" time="1.684" errors="0" timestamp="2025-07-31T20:27:36 IST" skipped="0">
  <testcase classname="testng.WebDriverTest" name="login" time="0.611">
    <system-out>
      <![CDATA[UserName Entered
Password Entered
Login button clicked...]]>
    </system-out>
  </testcase> <!-- login -->
  <testcase classname="testng.WebDriverTest" name="logout" time="1.073">
    <system-out>
      <![CDATA[Logout link Clicked...]]>
    </system-out>
  </testcase> <!-- logout -->
  <system-out>
    <![CDATA[This is the Test1 Method...
This is the Test2 Method...
UserName Entered
Password Entered
Login button clicked...
Logout link Clicked...]]>
  </system-out>
</testsuite> <!-- testng.WebDriverTest -->
