<?xml version="1.0" encoding="UTF-8"?>
<!-- Generated by org.testng.reporters.JUnitReportReporter -->
<testsuite hostname="LAPTOP-NDDB1313" failures="0" tests="6" name="testng.GroupingTest" time="0.025" errors="0" timestamp="2025-07-31T20:27:36 IST" skipped="0">
  <testcase classname="testng.GroupingTest" name="sanityTest2" time="0.002"/>
  <testcase classname="testng.GroupingTest" name="smokeTest3" time="0.003"/>
  <testcase classname="testng.GroupingTest" name="smokeTest2" time="0.002"/>
  <testcase classname="testng.GroupingTest" name="smokeTest1" time="0.001"/>
  <testcase classname="testng.GroupingTest" name="sanityTest1" time="0.012"/>
  <testcase classname="testng.GroupingTest" name="sanityTest3" time="0.005"/>
  <system-out>
    <![CDATA[This is the Test1 Method...
This is the Test2 Method...
UserName Entered
Password Entered
Login button clicked...
Logout link Clicked...]]>
  </system-out>
</testsuite> <!-- testng.GroupingTest -->
